<?xml version="1.0" encoding="UTF-8"?>
<!-- Generated by org.testng.reporters.JUnitXMLReporter -->
<testsuite hostname="LAPTOP-P9I2UMB9" ignored="0" name="TestCase" tests="2" failures="1" timestamp="18 Nov 2023 18:28:41 GMT" time="15.774" errors="0">
  <testcase name="jas" time="5.488" classname="Prnew.TestCase">
    <failure type="java.lang.AssertionError" message="expected [true] but found [Facebook - log in or sign up]">
      <![CDATA[java.lang.AssertionError: expected [true] but found [Facebook - log in or sign up]
at Prnew.TestCase.jas(TestCase.java:39)
... Removed 30 stack frames]]>
    </failure>
  </testcase> <!-- jas -->
  <testcase name="hi" time="0.462" classname="Prnew.TestCase"/>
</testsuite> <!-- TestCase -->
